2022-01-31 20:06:59,309 - instabot version: 0.117.0 (bot) - INFO - Instabot version: 0.117.0 Started
2022-01-31 20:06:59,310 - instabot version: 0.117.0 (bot) - DEBUG - Bot imported from C:\Users\Bharat Anand\AppData\Local\Programs\Python\Python310\lib\site-packages\instabot\bot\bot.py
2022-01-31 20:06:59,310 - instabot version: 0.117.0 (api_login) - INFO - Not yet logged in starting: PRE-LOGIN FLOW!
2022-01-31 20:06:59,726 - instabot version: 0.117.0 (api) - DEBUG - POST to endpoint: accounts/get_prefill_candidates/ returned response: <Response [200]>
2022-01-31 20:07:00,118 - instabot version: 0.117.0 (api) - DEBUG - POST to endpoint: qe/sync/ returned response: <Response [200]>
2022-01-31 20:07:00,478 - instabot version: 0.117.0 (api) - DEBUG - POST to endpoint: launcher/sync/ returned response: <Response [200]>
2022-01-31 20:07:00,844 - instabot version: 0.117.0 (api) - DEBUG - POST to endpoint: accounts/contact_point_prefill/ returned response: <Response [200]>
2022-01-31 20:07:03,324 - instabot version: 0.117.0 (api) - DEBUG - POST to endpoint: accounts/login/ returned response: <Response [200]>
2022-01-31 20:07:03,324 - instabot version: 0.117.0 (api) - INFO - Logged-in successfully as '__shehzaadiiii__'!
2022-01-31 20:07:03,326 - instabot version: 0.117.0 (api_login) - INFO - LOGIN FLOW! Just logged-in: True
2022-01-31 20:07:03,844 - instabot version: 0.117.0 (api) - DEBUG - POST to endpoint: qe/sync/ returned response: <Response [400]>
2022-01-31 20:07:03,844 - instabot version: 0.117.0 (api) - DEBUG - Responsecode indicates error; response content: b'{"message":"challenge_required","challenge":{"url":"https://i.instagram.com/challenge/?next=/api/v1/qe/sync/","api_path":"/challenge/","hide_webview_header":true,"lock":true,"logout":false,"native_flow":true,"flow_render_type":0},"status":"fail"}'
2022-01-31 20:07:03,844 - instabot version: 0.117.0 (api) - ERROR - Request returns 400 error!
2022-01-31 20:07:03,846 - instabot version: 0.117.0 (api) - INFO - Instagram's error message: challenge_required
2022-01-31 20:07:03,847 - instabot version: 0.117.0 (api) - INFO - Instagram's error message: {}
2022-01-31 20:07:04,215 - instabot version: 0.117.0 (api) - DEBUG - POST to endpoint: launcher/sync/ returned response: <Response [400]>
2022-01-31 20:07:04,215 - instabot version: 0.117.0 (api) - DEBUG - Responsecode indicates error; response content: b'{"message":"challenge_required","challenge":{"url":"https://i.instagram.com/challenge/?next=/api/v1/launcher/sync/","api_path":"/challenge/","hide_webview_header":true,"lock":true,"logout":false,"native_flow":true,"flow_render_type":0},"status":"fail"}'
2022-01-31 20:07:04,215 - instabot version: 0.117.0 (api) - ERROR - Request returns 400 error!
2022-01-31 20:07:04,216 - instabot version: 0.117.0 (api) - INFO - Instagram's error message: challenge_required
2022-01-31 20:07:04,217 - instabot version: 0.117.0 (api) - INFO - Instagram's error message: {}
2022-01-31 20:07:04,581 - instabot version: 0.117.0 (api) - DEBUG - GET to endpoint: zr/token/result/?device_id=android-eb9e44ee28e12561&token_hash=&custom_device_id=android-eb9e44ee28e12561&fetch_reason=token_expired returned response: <Response [400]>
2022-01-31 20:07:04,581 - instabot version: 0.117.0 (api) - DEBUG - Responsecode indicates error; response content: b'{"message":"challenge_required","challenge":{"url":"https://i.instagram.com/challenge/?next=/api/v1/zr/token/result/%253Fdevice_id%253Dandroid-eb9e44ee28e12561%2526token_hash%253D%2526custom_device_id%253Dandroid-eb9e44ee28e12561%2526fetch_reason%253Dtoken_expired","api_path":"/challenge/","hide_webview_header":true,"lock":true,"logout":false,"native_flow":true,"flow_render_type":0},"status":"fail"}'
2022-01-31 20:07:04,581 - instabot version: 0.117.0 (api) - ERROR - Request returns 400 error!
2022-01-31 20:07:04,581 - instabot version: 0.117.0 (api) - INFO - Instagram's error message: challenge_required
2022-01-31 20:07:04,582 - instabot version: 0.117.0 (api) - INFO - Instagram's error message: {}
2022-01-31 20:07:04,938 - instabot version: 0.117.0 (api) - DEBUG - GET to endpoint: multiple_accounts/get_account_family/ returned response: <Response [400]>
2022-01-31 20:07:04,939 - instabot version: 0.117.0 (api) - DEBUG - Responsecode indicates error; response content: b'{"message":"challenge_required","challenge":{"url":"https://i.instagram.com/challenge/?next=/api/v1/multiple_accounts/get_account_family/","api_path":"/challenge/","hide_webview_header":true,"lock":true,"logout":false,"native_flow":true,"flow_render_type":0},"status":"fail"}'
2022-01-31 20:07:04,939 - instabot version: 0.117.0 (api) - ERROR - Request returns 400 error!
2022-01-31 20:07:04,941 - instabot version: 0.117.0 (api) - INFO - Instagram's error message: challenge_required
2022-01-31 20:07:04,945 - instabot version: 0.117.0 (api) - INFO - Instagram's error message: {}
2022-01-31 20:07:05,310 - instabot version: 0.117.0 (api) - DEBUG - POST to endpoint: qe/sync/ returned response: <Response [400]>
2022-01-31 20:07:05,310 - instabot version: 0.117.0 (api) - DEBUG - Responsecode indicates error; response content: b'{"message":"challenge_required","challenge":{"url":"https://i.instagram.com/challenge/?next=/api/v1/qe/sync/","api_path":"/challenge/","hide_webview_header":true,"lock":true,"logout":false,"native_flow":true,"flow_render_type":0},"status":"fail"}'
2022-01-31 20:07:05,310 - instabot version: 0.117.0 (api) - ERROR - Request returns 400 error!
2022-01-31 20:07:05,312 - instabot version: 0.117.0 (api) - INFO - Instagram's error message: challenge_required
2022-01-31 20:07:05,313 - instabot version: 0.117.0 (api) - INFO - Instagram's error message: {}
2022-01-31 20:07:05,678 - instabot version: 0.117.0 (api) - DEBUG - GET to endpoint: igtv/browse_feed/?prefetch=1 returned response: <Response [400]>
2022-01-31 20:07:05,678 - instabot version: 0.117.0 (api) - DEBUG - Responsecode indicates error; response content: b'{"message":"challenge_required","challenge":{"url":"https://i.instagram.com/challenge/?next=/api/v1/igtv/browse_feed/%253Fprefetch%253D1","api_path":"/challenge/","hide_webview_header":true,"lock":true,"logout":false,"native_flow":true,"flow_render_type":0},"status":"fail"}'
2022-01-31 20:07:05,678 - instabot version: 0.117.0 (api) - ERROR - Request returns 400 error!
2022-01-31 20:07:05,679 - instabot version: 0.117.0 (api) - INFO - Instagram's error message: challenge_required
2022-01-31 20:07:05,679 - instabot version: 0.117.0 (api) - INFO - Instagram's error message: {}
2022-01-31 20:07:06,038 - instabot version: 0.117.0 (api) - DEBUG - POST to endpoint: creatives/ar_class/ returned response: <Response [400]>
2022-01-31 20:07:06,038 - instabot version: 0.117.0 (api) - DEBUG - Responsecode indicates error; response content: b'{"message":"challenge_required","challenge":{"url":"https://i.instagram.com/challenge/?next=/api/v1/creatives/ar_class/","api_path":"/challenge/","hide_webview_header":true,"lock":true,"logout":false,"native_flow":true,"flow_render_type":0},"status":"fail"}'
2022-01-31 20:07:06,039 - instabot version: 0.117.0 (api) - ERROR - Request returns 400 error!
2022-01-31 20:07:06,040 - instabot version: 0.117.0 (api) - INFO - Instagram's error message: challenge_required
2022-01-31 20:07:06,041 - instabot version: 0.117.0 (api) - INFO - Instagram's error message: {}
2022-01-31 20:07:06,406 - instabot version: 0.117.0 (api) - DEBUG - POST to endpoint: feed/reels_tray/ returned response: <Response [400]>
2022-01-31 20:07:06,406 - instabot version: 0.117.0 (api) - DEBUG - Responsecode indicates error; response content: b'{"message":"challenge_required","challenge":{"url":"https://i.instagram.com/challenge/?next=/api/v1/feed/reels_tray/","api_path":"/challenge/","hide_webview_header":true,"lock":true,"logout":false,"native_flow":true,"flow_render_type":0},"status":"fail"}'
2022-01-31 20:07:06,406 - instabot version: 0.117.0 (api) - ERROR - Request returns 400 error!
2022-01-31 20:07:06,407 - instabot version: 0.117.0 (api) - INFO - Instagram's error message: challenge_required
2022-01-31 20:07:06,408 - instabot version: 0.117.0 (api) - INFO - Instagram's error message: {}
2022-01-31 20:07:06,854 - instabot version: 0.117.0 (api) - DEBUG - POST to endpoint: feed/timeline/ returned response: <Response [400]>
2022-01-31 20:07:06,855 - instabot version: 0.117.0 (api) - DEBUG - Responsecode indicates error; response content: b'{"message":"challenge_required","challenge":{"url":"https://i.instagram.com/challenge/?next=/api/v1/feed/timeline/","api_path":"/challenge/","hide_webview_header":true,"lock":true,"logout":false,"native_flow":true,"flow_render_type":0},"status":"fail"}'
2022-01-31 20:07:06,855 - instabot version: 0.117.0 (api) - ERROR - Request returns 400 error!
2022-01-31 20:07:06,857 - instabot version: 0.117.0 (api) - INFO - Instagram's error message: challenge_required
2022-01-31 20:07:06,858 - instabot version: 0.117.0 (api) - INFO - Instagram's error message: {}
2022-01-31 20:07:07,247 - instabot version: 0.117.0 (api) - DEBUG - GET to endpoint: media/blocked/ returned response: <Response [400]>
2022-01-31 20:07:07,247 - instabot version: 0.117.0 (api) - DEBUG - Responsecode indicates error; response content: b'{"message":"challenge_required","challenge":{"url":"https://i.instagram.com/challenge/?next=/api/v1/media/blocked/","api_path":"/challenge/","hide_webview_header":true,"lock":true,"logout":false,"native_flow":true,"flow_render_type":0},"status":"fail"}'
2022-01-31 20:07:07,247 - instabot version: 0.117.0 (api) - ERROR - Request returns 400 error!
2022-01-31 20:07:07,247 - instabot version: 0.117.0 (api) - INFO - Instagram's error message: challenge_required
2022-01-31 20:07:07,248 - instabot version: 0.117.0 (api) - INFO - Instagram's error message: {}
2022-01-31 20:07:07,601 - instabot version: 0.117.0 (api) - DEBUG - GET to endpoint: news/inbox/ returned response: <Response [400]>
2022-01-31 20:07:07,602 - instabot version: 0.117.0 (api) - DEBUG - Responsecode indicates error; response content: b'{"message":"challenge_required","challenge":{"url":"https://i.instagram.com/challenge/?next=/api/v1/news/inbox/","api_path":"/challenge/","hide_webview_header":true,"lock":true,"logout":false,"native_flow":true,"flow_render_type":0},"status":"fail"}'
2022-01-31 20:07:07,602 - instabot version: 0.117.0 (api) - ERROR - Request returns 400 error!
2022-01-31 20:07:07,604 - instabot version: 0.117.0 (api) - INFO - Instagram's error message: challenge_required
2022-01-31 20:07:07,605 - instabot version: 0.117.0 (api) - INFO - Instagram's error message: {}
2022-01-31 20:07:07,971 - instabot version: 0.117.0 (api) - DEBUG - GET to endpoint: loom/fetch_config/ returned response: <Response [400]>
2022-01-31 20:07:07,971 - instabot version: 0.117.0 (api) - DEBUG - Responsecode indicates error; response content: b'{"message":"challenge_required","challenge":{"url":"https://i.instagram.com/challenge/?next=/api/v1/loom/fetch_config/","api_path":"/challenge/","hide_webview_header":true,"lock":true,"logout":false,"native_flow":true,"flow_render_type":0},"status":"fail"}'
2022-01-31 20:07:07,972 - instabot version: 0.117.0 (api) - ERROR - Request returns 400 error!
2022-01-31 20:07:07,973 - instabot version: 0.117.0 (api) - INFO - Instagram's error message: challenge_required
2022-01-31 20:07:07,973 - instabot version: 0.117.0 (api) - INFO - Instagram's error message: {}
2022-01-31 20:07:08,336 - instabot version: 0.117.0 (api) - DEBUG - GET to endpoint: scores/bootstrap/users/?surfaces=["autocomplete_user_list","coefficient_besties_list_ranking","coefficient_rank_recipient_user_suggestion","coefficient_ios_section_test_bootstrap_ranking","coefficient_direct_recipients_ranking_variant_2"] returned response: <Response [400]>
2022-01-31 20:07:08,336 - instabot version: 0.117.0 (api) - DEBUG - Responsecode indicates error; response content: b'{"message":"challenge_required","challenge":{"url":"https://i.instagram.com/challenge/?next=/api/v1/scores/bootstrap/users/%253Fsurfaces%253D%25255B%252522autocomplete_user_list%252522%252C%252522coefficient_besties_list_ranking%252522%252C%252522coefficient_rank_recipient_user_suggestion%252522%252C%252522coefficient_ios_section_test_bootstrap_ranking%252522%252C%252522coefficient_direct_recipients_ranking_variant_2%252522%25255D","api_path":"/challenge/","hide_webview_header":true,"lock":true,"logout":false,"native_flow":true,"flow_render_type":0},"status":"fail"}'
2022-01-31 20:07:08,336 - instabot version: 0.117.0 (api) - ERROR - Request returns 400 error!
2022-01-31 20:07:08,337 - instabot version: 0.117.0 (api) - INFO - Instagram's error message: challenge_required
2022-01-31 20:07:08,338 - instabot version: 0.117.0 (api) - INFO - Instagram's error message: {}
2022-01-31 20:07:08,691 - instabot version: 0.117.0 (api) - DEBUG - GET to endpoint: business/eligibility/get_monetization_products_eligibility_data/?product_types=branded_content returned response: <Response [400]>
2022-01-31 20:07:08,691 - instabot version: 0.117.0 (api) - DEBUG - Responsecode indicates error; response content: b'{"message":"challenge_required","challenge":{"url":"https://i.instagram.com/challenge/?next=/api/v1/business/eligibility/get_monetization_products_eligibility_data/%253Fproduct_types%253Dbranded_content","api_path":"/challenge/","hide_webview_header":true,"lock":true,"logout":false,"native_flow":true,"flow_render_type":0},"status":"fail"}'
2022-01-31 20:07:08,691 - instabot version: 0.117.0 (api) - ERROR - Request returns 400 error!
2022-01-31 20:07:08,691 - instabot version: 0.117.0 (api) - INFO - Instagram's error message: challenge_required
2022-01-31 20:07:08,691 - instabot version: 0.117.0 (api) - INFO - Instagram's error message: {}
2022-01-31 20:07:09,210 - instabot version: 0.117.0 (api) - DEBUG - GET to endpoint: business/branded_content/should_require_professional_account/ returned response: <Response [400]>
2022-01-31 20:07:09,210 - instabot version: 0.117.0 (api) - DEBUG - Responsecode indicates error; response content: b'{"message":"challenge_required","challenge":{"url":"https://i.instagram.com/challenge/?next=/api/v1/business/branded_content/should_require_professional_account/","api_path":"/challenge/","hide_webview_header":true,"lock":true,"logout":false,"native_flow":true,"flow_render_type":0},"status":"fail"}'
2022-01-31 20:07:09,210 - instabot version: 0.117.0 (api) - ERROR - Request returns 400 error!
2022-01-31 20:07:09,211 - instabot version: 0.117.0 (api) - INFO - Instagram's error message: challenge_required
2022-01-31 20:07:09,212 - instabot version: 0.117.0 (api) - INFO - Instagram's error message: {}
2022-01-31 20:07:09,617 - instabot version: 0.117.0 (api) - DEBUG - GET to endpoint: linked_accounts/get_linkage_status/ returned response: <Response [400]>
2022-01-31 20:07:09,617 - instabot version: 0.117.0 (api) - DEBUG - Responsecode indicates error; response content: b'{"message":"challenge_required","challenge":{"url":"https://i.instagram.com/challenge/?next=/api/v1/linked_accounts/get_linkage_status/","api_path":"/challenge/","hide_webview_header":true,"lock":true,"logout":false,"native_flow":true,"flow_render_type":0},"status":"fail"}'
2022-01-31 20:07:09,617 - instabot version: 0.117.0 (api) - ERROR - Request returns 400 error!
2022-01-31 20:07:09,618 - instabot version: 0.117.0 (api) - INFO - Instagram's error message: challenge_required
2022-01-31 20:07:09,620 - instabot version: 0.117.0 (api) - INFO - Instagram's error message: {}
2022-01-31 20:07:09,977 - instabot version: 0.117.0 (api) - DEBUG - GET to endpoint: locations/request_country/ returned response: <Response [400]>
2022-01-31 20:07:09,977 - instabot version: 0.117.0 (api) - DEBUG - Responsecode indicates error; response content: b'{"message":"challenge_required","challenge":{"url":"https://i.instagram.com/challenge/?next=/api/v1/locations/request_country/","api_path":"/challenge/","hide_webview_header":true,"lock":true,"logout":false,"native_flow":true,"flow_render_type":0},"status":"fail"}'
2022-01-31 20:07:09,977 - instabot version: 0.117.0 (api) - ERROR - Request returns 400 error!
2022-01-31 20:07:09,978 - instabot version: 0.117.0 (api) - INFO - Instagram's error message: challenge_required
2022-01-31 20:07:09,979 - instabot version: 0.117.0 (api) - INFO - Instagram's error message: {}
2022-01-31 20:07:10,341 - instabot version: 0.117.0 (api) - DEBUG - GET to endpoint: qp/get_cooldowns/?signed_body=signed_body=4b9c516a5410a3bc128e09c6104a7f042146b9c2023870560c63a43a7f66781c.4&ig_sig_key_version=4&ig_sig_key_version=4 returned response: <Response [400]>
2022-01-31 20:07:10,341 - instabot version: 0.117.0 (api) - DEBUG - Responsecode indicates error; response content: b'{"message":"challenge_required","challenge":{"url":"https://i.instagram.com/challenge/?next=/api/v1/qp/get_cooldowns/%253Fsigned_body%253Dsigned_body%253D4b9c516a5410a3bc128e09c6104a7f042146b9c2023870560c63a43a7f66781c.4%2526ig_sig_key_version%253D4%2526ig_sig_key_version%253D4","api_path":"/challenge/","hide_webview_header":true,"lock":true,"logout":false,"native_flow":true,"flow_render_type":0},"status":"fail"}'
2022-01-31 20:07:10,341 - instabot version: 0.117.0 (api) - ERROR - Request returns 400 error!
2022-01-31 20:07:10,342 - instabot version: 0.117.0 (api) - INFO - Instagram's error message: challenge_required
2022-01-31 20:07:10,344 - instabot version: 0.117.0 (api) - INFO - Instagram's error message: {}
2022-01-31 20:07:10,819 - instabot version: 0.117.0 (api) - DEBUG - GET to endpoint: users/arlink_download_info/?version_override=2.2.1 returned response: <Response [400]>
2022-01-31 20:07:10,819 - instabot version: 0.117.0 (api) - DEBUG - Responsecode indicates error; response content: b'{"message":"challenge_required","challenge":{"url":"https://i.instagram.com/challenge/?next=/api/v1/users/arlink_download_info/%253Fversion_override%253D2.2.1","api_path":"/challenge/","hide_webview_header":true,"lock":true,"logout":false,"native_flow":true,"flow_render_type":0},"status":"fail"}'
2022-01-31 20:07:10,819 - instabot version: 0.117.0 (api) - ERROR - Request returns 400 error!
2022-01-31 20:07:10,821 - instabot version: 0.117.0 (api) - INFO - Instagram's error message: challenge_required
2022-01-31 20:07:10,823 - instabot version: 0.117.0 (api) - INFO - Instagram's error message: {}
2022-01-31 20:07:11,180 - instabot version: 0.117.0 (api) - DEBUG - GET to endpoint: users/35766768950/info/ returned response: <Response [400]>
2022-01-31 20:07:11,180 - instabot version: 0.117.0 (api) - DEBUG - Responsecode indicates error; response content: b'{"message":"challenge_required","challenge":{"url":"https://i.instagram.com/challenge/?next=/api/v1/users/35766768950/info/","api_path":"/challenge/","hide_webview_header":true,"lock":true,"logout":false,"native_flow":true,"flow_render_type":0},"status":"fail"}'
2022-01-31 20:07:11,180 - instabot version: 0.117.0 (api) - ERROR - Request returns 400 error!
2022-01-31 20:07:11,182 - instabot version: 0.117.0 (api) - INFO - Instagram's error message: challenge_required
2022-01-31 20:07:11,182 - instabot version: 0.117.0 (api) - INFO - Instagram's error message: {}
2022-01-31 20:07:11,528 - instabot version: 0.117.0 (api) - DEBUG - GET to endpoint: direct_v2/get_presence/ returned response: <Response [400]>
2022-01-31 20:07:11,529 - instabot version: 0.117.0 (api) - DEBUG - Responsecode indicates error; response content: b'{"message":"challenge_required","challenge":{"url":"https://i.instagram.com/challenge/?next=/api/v1/direct_v2/get_presence/","api_path":"/challenge/","hide_webview_header":true,"lock":true,"logout":false,"native_flow":true,"flow_render_type":0},"status":"fail"}'
2022-01-31 20:07:11,529 - instabot version: 0.117.0 (api) - ERROR - Request returns 400 error!
2022-01-31 20:07:11,529 - instabot version: 0.117.0 (api) - INFO - Instagram's error message: challenge_required
2022-01-31 20:07:11,530 - instabot version: 0.117.0 (api) - INFO - Instagram's error message: {}
2022-01-31 20:07:11,885 - instabot version: 0.117.0 (api) - DEBUG - GET to endpoint: direct_v2/inbox/?visual_message_return_type=unseen&thread_message_limit=10&persistentBadging=true&limit=20 returned response: <Response [400]>
2022-01-31 20:07:11,885 - instabot version: 0.117.0 (api) - DEBUG - Responsecode indicates error; response content: b'{"message":"challenge_required","challenge":{"url":"https://i.instagram.com/challenge/?next=/api/v1/direct_v2/inbox/%253Fvisual_message_return_type%253Dunseen%2526thread_message_limit%253D10%2526persistentBadging%253Dtrue%2526limit%253D20","api_path":"/challenge/","hide_webview_header":true,"lock":true,"logout":false,"native_flow":true,"flow_render_type":0},"status":"fail"}'
2022-01-31 20:07:11,885 - instabot version: 0.117.0 (api) - ERROR - Request returns 400 error!
2022-01-31 20:07:11,888 - instabot version: 0.117.0 (api) - INFO - Instagram's error message: challenge_required
2022-01-31 20:07:11,889 - instabot version: 0.117.0 (api) - INFO - Instagram's error message: {}
2022-01-31 20:07:12,249 - instabot version: 0.117.0 (api) - DEBUG - GET to endpoint: direct_v2/inbox/?visual_message_return_type=unseen&persistentBadging=true&limit=0 returned response: <Response [400]>
2022-01-31 20:07:12,250 - instabot version: 0.117.0 (api) - DEBUG - Responsecode indicates error; response content: b'{"message":"challenge_required","challenge":{"url":"https://i.instagram.com/challenge/?next=/api/v1/direct_v2/inbox/%253Fvisual_message_return_type%253Dunseen%2526persistentBadging%253Dtrue%2526limit%253D0","api_path":"/challenge/","hide_webview_header":true,"lock":true,"logout":false,"native_flow":true,"flow_render_type":0},"status":"fail"}'
2022-01-31 20:07:12,250 - instabot version: 0.117.0 (api) - ERROR - Request returns 400 error!
2022-01-31 20:07:12,251 - instabot version: 0.117.0 (api) - INFO - Instagram's error message: challenge_required
2022-01-31 20:07:12,253 - instabot version: 0.117.0 (api) - INFO - Instagram's error message: {}
2022-01-31 20:07:12,611 - instabot version: 0.117.0 (api) - DEBUG - GET to endpoint: discover/topical_explore/?is_prefetch=true&omit_cover_media=true&use_sectional_payload=true&timezone_offset=0&session_id=5d2b44f1-c7a5-4998-be2e-3d2b93f5757a&include_fixed_destinations=true returned response: <Response [400]>
2022-01-31 20:07:12,611 - instabot version: 0.117.0 (api) - DEBUG - Responsecode indicates error; response content: b'{"message":"challenge_required","challenge":{"url":"https://i.instagram.com/challenge/?next=/api/v1/discover/topical_explore/%253Fis_prefetch%253Dtrue%2526omit_cover_media%253Dtrue%2526use_sectional_payload%253Dtrue%2526timezone_offset%253D0%2526session_id%253D5d2b44f1-c7a5-4998-be2e-3d2b93f5757a%2526include_fixed_destinations%253Dtrue","api_path":"/challenge/","hide_webview_header":true,"lock":true,"logout":false,"native_flow":true,"flow_render_type":0},"status":"fail"}'
2022-01-31 20:07:12,611 - instabot version: 0.117.0 (api) - ERROR - Request returns 400 error!
2022-01-31 20:07:12,613 - instabot version: 0.117.0 (api) - INFO - Instagram's error message: challenge_required
2022-01-31 20:07:12,614 - instabot version: 0.117.0 (api) - INFO - Instagram's error message: {}
2022-01-31 20:07:12,971 - instabot version: 0.117.0 (api) - DEBUG - POST to endpoint: notifications/badge/ returned response: <Response [400]>
2022-01-31 20:07:12,972 - instabot version: 0.117.0 (api) - DEBUG - Responsecode indicates error; response content: b'{"message":"challenge_required","challenge":{"url":"https://i.instagram.com/challenge/?next=/api/v1/notifications/badge/","api_path":"/challenge/","hide_webview_header":true,"lock":true,"logout":false,"native_flow":true,"flow_render_type":0},"status":"fail"}'
2022-01-31 20:07:12,972 - instabot version: 0.117.0 (api) - ERROR - Request returns 400 error!
2022-01-31 20:07:12,973 - instabot version: 0.117.0 (api) - INFO - Instagram's error message: challenge_required
2022-01-31 20:07:12,974 - instabot version: 0.117.0 (api) - INFO - Instagram's error message: {}
2022-01-31 20:07:13,351 - instabot version: 0.117.0 (api) - DEBUG - POST to endpoint: qp/batch_fetch/ returned response: <Response [400]>
2022-01-31 20:07:13,352 - instabot version: 0.117.0 (api) - DEBUG - Responsecode indicates error; response content: b'{"message":"challenge_required","challenge":{"url":"https://i.instagram.com/challenge/?next=/api/v1/qp/batch_fetch/","api_path":"/challenge/","hide_webview_header":true,"lock":true,"logout":false,"native_flow":true,"flow_render_type":0},"status":"fail"}'
2022-01-31 20:07:13,352 - instabot version: 0.117.0 (api) - ERROR - Request returns 400 error!
2022-01-31 20:07:13,353 - instabot version: 0.117.0 (api) - INFO - Instagram's error message: challenge_required
2022-01-31 20:07:13,355 - instabot version: 0.117.0 (api) - INFO - Instagram's error message: {}
2022-01-31 20:07:13,358 - instabot version: 0.117.0 (bot_checkpoint) - DEBUG - Loading Checkpoint file from: c:\Users\Bharat Anand\Downloads\projects_repo\passion_projects\Creating-insta-bot/config/__shehzaadiiii__.checkpoint
2022-01-31 20:07:18,513 - instabot version: 0.117.0 (api) - DEBUG - GET to endpoint: users/__shehzaadiiii__/usernameinfo/ returned response: <Response [400]>
2022-01-31 20:07:18,513 - instabot version: 0.117.0 (api) - DEBUG - Responsecode indicates error; response content: b'{"message":"challenge_required","challenge":{"url":"https://i.instagram.com/challenge/?next=/api/v1/users/__shehzaadiiii__/usernameinfo/","api_path":"/challenge/","hide_webview_header":true,"lock":true,"logout":false,"native_flow":true,"flow_render_type":0},"status":"fail"}'
2022-01-31 20:07:18,514 - instabot version: 0.117.0 (api) - ERROR - Request returns 400 error!
2022-01-31 20:07:18,515 - instabot version: 0.117.0 (api) - INFO - Instagram's error message: challenge_required
2022-01-31 20:07:18,517 - instabot version: 0.117.0 (api) - INFO - Instagram's error message: {}
2022-01-31 20:07:19,297 - instabot version: 0.117.0 (api) - DEBUG - GET to endpoint: users/None/info/ returned response: <Response [400]>
2022-01-31 20:07:19,297 - instabot version: 0.117.0 (api) - DEBUG - Responsecode indicates error; response content: b'{"message":"challenge_required","challenge":{"url":"https://i.instagram.com/challenge/?next=/api/v1/users/None/info/","api_path":"/challenge/","hide_webview_header":true,"lock":true,"logout":false,"native_flow":true,"flow_render_type":0},"status":"fail"}'
2022-01-31 20:07:19,297 - instabot version: 0.117.0 (api) - ERROR - Request returns 400 error!
2022-01-31 20:07:19,299 - instabot version: 0.117.0 (api) - INFO - Instagram's error message: challenge_required
2022-01-31 20:07:19,300 - instabot version: 0.117.0 (api) - INFO - Instagram's error message: {}
2022-01-31 20:07:19,653 - instabot version: 0.117.0 (api) - DEBUG - GET to endpoint: users/__shehzaadiiii__/usernameinfo/ returned response: <Response [400]>
2022-01-31 20:07:19,653 - instabot version: 0.117.0 (api) - DEBUG - Responsecode indicates error; response content: b'{"message":"challenge_required","challenge":{"url":"https://i.instagram.com/challenge/?next=/api/v1/users/__shehzaadiiii__/usernameinfo/","api_path":"/challenge/","hide_webview_header":true,"lock":true,"logout":false,"native_flow":true,"flow_render_type":0},"status":"fail"}'
2022-01-31 20:07:19,654 - instabot version: 0.117.0 (api) - ERROR - Request returns 400 error!
2022-01-31 20:07:19,654 - instabot version: 0.117.0 (api) - INFO - Instagram's error message: challenge_required
2022-01-31 20:07:19,655 - instabot version: 0.117.0 (api) - INFO - Instagram's error message: {}
2022-01-31 20:07:20,580 - instabot version: 0.117.0 (api) - DEBUG - GET to endpoint: users/None/info/ returned response: <Response [400]>
2022-01-31 20:07:20,581 - instabot version: 0.117.0 (api) - DEBUG - Responsecode indicates error; response content: b'{"message":"challenge_required","challenge":{"url":"https://i.instagram.com/challenge/?next=/api/v1/users/None/info/","api_path":"/challenge/","hide_webview_header":true,"lock":true,"logout":false,"native_flow":true,"flow_render_type":0},"status":"fail"}'
2022-01-31 20:07:20,581 - instabot version: 0.117.0 (api) - ERROR - Request returns 400 error!
2022-01-31 20:07:20,582 - instabot version: 0.117.0 (api) - INFO - Instagram's error message: challenge_required
2022-01-31 20:07:20,584 - instabot version: 0.117.0 (api) - INFO - Instagram's error message: {}
2022-01-31 20:07:20,951 - instabot version: 0.117.0 (api) - DEBUG - GET to endpoint: users/sarcasticsimran/usernameinfo/ returned response: <Response [400]>
2022-01-31 20:07:20,952 - instabot version: 0.117.0 (api) - DEBUG - Responsecode indicates error; response content: b'{"message":"challenge_required","challenge":{"url":"https://i.instagram.com/challenge/?next=/api/v1/users/sarcasticsimran/usernameinfo/","api_path":"/challenge/","hide_webview_header":true,"lock":true,"logout":false,"native_flow":true,"flow_render_type":0},"status":"fail"}'
2022-01-31 20:07:20,952 - instabot version: 0.117.0 (api) - ERROR - Request returns 400 error!
2022-01-31 20:07:20,953 - instabot version: 0.117.0 (api) - INFO - Instagram's error message: challenge_required
2022-01-31 20:07:20,955 - instabot version: 0.117.0 (api) - INFO - Instagram's error message: {}
2022-01-31 20:07:21,826 - instabot version: 0.117.0 (api) - DEBUG - GET to endpoint: users/None/info/ returned response: <Response [400]>
2022-01-31 20:07:21,826 - instabot version: 0.117.0 (api) - DEBUG - Responsecode indicates error; response content: b'{"message":"challenge_required","challenge":{"url":"https://i.instagram.com/challenge/?next=/api/v1/users/None/info/","api_path":"/challenge/","hide_webview_header":true,"lock":true,"logout":false,"native_flow":true,"flow_render_type":0},"status":"fail"}'
2022-01-31 20:07:21,826 - instabot version: 0.117.0 (api) - ERROR - Request returns 400 error!
2022-01-31 20:07:21,828 - instabot version: 0.117.0 (api) - INFO - Instagram's error message: challenge_required
2022-01-31 20:07:21,831 - instabot version: 0.117.0 (api) - INFO - Instagram's error message: {}
